ISim log file
Running: D:\P7\test_isim_beh.exe -intstyle ise -gui -tclbatch isim.cmd -wdb D:/P7/test_isim_beh.wdb 
ISim P.20131013 (signature 0x7708f090)
----------------------------------------------------------------------
WARNING:Security:42 - Your software subscription period has lapsed. Your current version of Xilinx tools will continue to function, but you no longer qualify for Xilinx software updates or new releases.


----------------------------------------------------------------------
This is a Full version of ISim.
Time resolution is 1 ps
# onerror resume
# wave add /
# run 1000 ns
Simulator is doing circuit initialization process.
Finished circuit initialization process.
                 110@00003000: $28 <= 00000000
                 130@00003004: $29 <= 00000f00
                 170@0000300c: $ 8 <= 00007f00
                 170@00003010: *00000000 <= 00007f00
                 210@00003014: $ 9 <= 00007f10
                 210@00003018: *00000004 <= 00007f10
                 250@0000301c: $ 8 <= 00000c01
                 290@00003024: $ 9 <= 00000000
                 310@00003028: $ 9 <= 00007f00
                 370@00003030: $ 8 <= 00000080
                 410@00003038: $ 8 <= 00000009
                 450@00003040: $ 9 <= 00000004
                 470@00003044: $ 9 <= 00007f10
                 530@0000304c: $ 8 <= 00000040
                 570@00003054: $ 8 <= 00000009
                 610@0000305c: $ 8 <= 7fff0000
                 630@00003060: $ 9 <= 7fff0000
                 650@00003064: $ 8 <= 7fffffff
                 690@0000306c: $10 <= fffeffff
                 710@00003070: $ 8 <= 80000000
                 810@00004180: $ 1 <= 80000000
                 830@00004184: $26 <= 00001000
                 830@00004188: *00000ffc <= 00000f00
                 870@0000418c: $26 <= 00000f00
                 890@00004190: $29 <= 00000f00
                 930@0000445c: *00000f08 <= 00000000
                 950@00004460: *00000f0c <= 00000000
                 970@00004464: *00000f10 <= 00000000
                 990@00004468: *00000f14 <= 00000000
# run 1.00us
                1010@0000446c: *00000f18 <= 00000000
                1030@00004470: *00000f1c <= 00000000
                1050@00004474: *00000f20 <= 80000000
                1070@00004478: *00000f24 <= 7fff0000
                1090@0000447c: *00000f28 <= fffeffff
                1110@00004480: *00000f2c <= 00000000
                1130@00004484: *00000f30 <= 00000000
                1150@00004488: *00000f34 <= 00000000
                1170@0000448c: *00000f38 <= 00000000
                1190@00004490: *00000f3c <= 00000000
                1210@00004494: *00000f40 <= 00000000
                1230@00004498: *00000f44 <= 00000000
                1250@0000449c: *00000f48 <= 00000000
                1270@000044a0: *00000f4c <= 00000000
                1290@000044a4: *00000f50 <= 00000000
                1310@000044a8: *00000f54 <= 00000000
                1330@000044ac: *00000f58 <= 00000000
                1350@000044b0: *00000f5c <= 00000000
                1370@000044b4: *00000f60 <= 00000000
                1390@000044b8: *00000f64 <= 00000000
                1410@000044bc: *00000f70 <= 00000000
                1430@000044c0: *00000f74 <= 00000f00
                1450@000044c4: *00000f78 <= 00000000
                1470@000044c8: *00000f7c <= 00000000
                1510@000044cc: $26 <= 00000000
                1510@000044d0: *00000f80 <= 00000000
                1550@000044d4: $26 <= 00000000
                1550@000044d8: *00000f84 <= 00000000
                1630@00004220: $26 <= 80000000
                1650@00004224: $26 <= 00000000
                1670@00004228: $26 <= 00000000
                1690@0000422c: $27 <= 00000000
                1750@00004268: *00000f00 <= 00000000
                1790@0000426c: $29 <= 00000ef0
                1810@00004270: $ 2 <= 00000c03
                1810@00004274: *00000ef0 <= 00000c03
                1850@00004278: $ 2 <= 80000000
                1850@0000427c: *00000ef4 <= 80000000
                1890@00004280: $ 2 <= 00000c03
                1910@00004284: $ 3 <= 80000000
                1950@00004288: $ 2 <= 00000000
                1970@0000428c: $ 2 <= 00000000
# run 1.00us
                2050@00004298: $ 2 <= 00000c03
                2070@0000429c: $ 3 <= 80000000
                2110@000042a0: $ 2 <= 00000000
                2130@000042a4: $ 2 <= 00000000
                2210@000042b0: $30 <= 00000008
                2230@000042b4: $ 8 <= 00000000
                2250@000042b8: $22 <= 00000001
                2330@000042c4: $ 8 <= 00000001
                2330@000042c8: *00000008 <= 00000001
                2370@000042cc: $31 <= 000042d4
                2410@00004328: $ 8 <= 00000000
                2430@0000432c: $ 8 <= 00007f00
                2470@00004330: $13 <= 00000000
                2490@00004334: $10 <= 00000004
                2510@00004338: $10 <= 00007f10
                2550@0000433c: $14 <= 00000000
                2570@00004340: $ 9 <= 00000000
                2590@00004344: $ 9 <= 00007f00
                2630@00004348: $ 8 <= 00000009
                2670@00004350: $10 <= 00000008
                2690@00004354: $10 <= 00000001
                2710@00004358: $22 <= 00000005
                2810@00004368: $ 8 <= 00000009
                2850@00004370: $ 9 <= 00000004
                2870@00004374: $ 9 <= 00007f10
                2910@00004378: $ 8 <= 00000008
                2950@00004380: $10 <= 0000000c
                2970@00004384: $10 <= 00000000
                2990@00004388: $22 <= 00000005
# run 1.00us
                3090@00004398: $ 8 <= 00000009
                3170@000042d4: $ 8 <= 00000c03
                3190@000042d8: $ 8 <= 00000003
                3210@000042dc: $ 8 <= 00000803
                3290@000044e4: $29 <= 00001000
                3310@000044e8: $29 <= 00000f00
                3330@000044ec: $ 2 <= 00000000
                3350@000044f0: $ 3 <= 00000000
                3370@000044f4: $ 4 <= 00000000
                3390@000044f8: $ 5 <= 00000000
                3410@000044fc: $ 6 <= 00000000
                3430@00004500: $ 7 <= 00000000
                3450@00004504: $ 8 <= 80000000
                3470@00004508: $ 9 <= 7fff0000
                3490@0000450c: $10 <= fffeffff
                3510@00004510: $11 <= 00000000
                3530@00004514: $12 <= 00000000
                3550@00004518: $13 <= 00000000
                3570@0000451c: $14 <= 00000000
                3590@00004520: $15 <= 00000000
                3610@00004524: $16 <= 00000000
                3630@00004528: $17 <= 00000000
                3650@0000452c: $18 <= 00000000
                3670@00004530: $19 <= 00000000
                3690@00004534: $20 <= 00000000
                3710@00004538: $21 <= 00000000
                3730@0000453c: $22 <= 00000000
                3750@00004540: $23 <= 00000000
                3770@00004544: $24 <= 00000000
                3790@00004548: $25 <= 00000000
                3810@0000454c: $28 <= 00000000
                3830@00004550: $30 <= 00000000
                3850@00004554: $31 <= 00000000
                3870@00004558: $26 <= 00000000
                3930@00004560: $26 <= 00000000
                3990@00004568: $29 <= 00000f00
# restart
# run 1.00us
Simulator is doing circuit initialization process.
Finished circuit initialization process.
                 110@00003000: $28 <= 00000000
                 130@00003004: $29 <= 00000f00
                 170@0000300c: $ 8 <= 00007f00
                 170@00003010: *00000000 <= 00007f00
                 210@00003014: $ 9 <= 00007f10
                 210@00003018: *00000004 <= 00007f10
                 250@0000301c: $ 8 <= 00000c01
                 290@00003024: $ 9 <= 00000000
                 310@00003028: $ 9 <= 00007f00
                 370@00003030: $ 8 <= 00000080
                 410@00003038: $ 8 <= 00000009
                 450@00003040: $ 9 <= 00000004
                 470@00003044: $ 9 <= 00007f10
                 530@0000304c: $ 8 <= 00000040
                 570@00003054: $ 8 <= 00000009
                 610@0000305c: $ 8 <= 7fff0000
                 630@00003060: $ 9 <= 7fff0000
                 650@00003064: $ 8 <= 7fffffff
                 690@0000306c: $10 <= fffeffff
                 710@00003070: $ 8 <= 80000000
                 810@00004180: $ 1 <= 80000000
                 830@00004184: $26 <= 00001000
                 830@00004188: *00000ffc <= 00000f00
                 870@0000418c: $26 <= 00000f00
                 890@00004190: $29 <= 00000f00
                 930@0000445c: *00000f08 <= 00000000
                 950@00004460: *00000f0c <= 00000000
                 970@00004464: *00000f10 <= 00000000
                 990@00004468: *00000f14 <= 00000000
# run 1.00us
                1010@0000446c: *00000f18 <= 00000000
                1030@00004470: *00000f1c <= 00000000
                1050@00004474: *00000f20 <= 80000000
                1070@00004478: *00000f24 <= 7fff0000
                1090@0000447c: *00000f28 <= fffeffff
                1110@00004480: *00000f2c <= 00000000
                1130@00004484: *00000f30 <= 00000000
                1150@00004488: *00000f34 <= 00000000
                1170@0000448c: *00000f38 <= 00000000
                1190@00004490: *00000f3c <= 00000000
                1210@00004494: *00000f40 <= 00000000
                1230@00004498: *00000f44 <= 00000000
                1250@0000449c: *00000f48 <= 00000000
                1270@000044a0: *00000f4c <= 00000000
                1290@000044a4: *00000f50 <= 00000000
                1310@000044a8: *00000f54 <= 00000000
                1330@000044ac: *00000f58 <= 00000000
                1350@000044b0: *00000f5c <= 00000000
                1370@000044b4: *00000f60 <= 00000000
                1390@000044b8: *00000f64 <= 00000000
                1410@000044bc: *00000f70 <= 00000000
                1430@000044c0: *00000f74 <= 00000f00
                1450@000044c4: *00000f78 <= 00000000
                1470@000044c8: *00000f7c <= 00000000
                1510@000044cc: $26 <= 00000000
                1510@000044d0: *00000f80 <= 00000000
                1550@000044d4: $26 <= 00000000
                1550@000044d8: *00000f84 <= 00000000
                1630@00004220: $26 <= 80000000
                1650@00004224: $26 <= 00000000
                1670@00004228: $26 <= 00000000
                1690@0000422c: $27 <= 00000000
                1750@00004268: *00000f00 <= 00000000
                1790@0000426c: $29 <= 00000ef0
                1810@00004270: $ 2 <= 00000c03
                1810@00004274: *00000ef0 <= 00000c03
                1850@00004278: $ 2 <= 80000000
                1850@0000427c: *00000ef4 <= 80000000
                1890@00004280: $ 2 <= 00000c03
                1910@00004284: $ 3 <= 80000000
                1950@00004288: $ 2 <= 00000000
                1970@0000428c: $ 2 <= 00000000
# run 1.00us
                2050@00004298: $ 2 <= 00000c03
                2070@0000429c: $ 3 <= 80000000
                2110@000042a0: $ 2 <= 00000000
                2130@000042a4: $ 2 <= 00000000
                2210@000042b0: $30 <= 00000008
                2230@000042b4: $ 8 <= 00000000
                2250@000042b8: $22 <= 00000001
                2330@000042c4: $ 8 <= 00000001
                2330@000042c8: *00000008 <= 00000001
                2370@000042cc: $31 <= 000042d4
                2410@00004328: $ 8 <= 00000000
                2430@0000432c: $ 8 <= 00007f00
                2470@00004330: $13 <= 00000000
                2490@00004334: $10 <= 00000004
                2510@00004338: $10 <= 00007f10
                2550@0000433c: $14 <= 00000000
                2570@00004340: $ 9 <= 00000000
                2590@00004344: $ 9 <= 00007f00
                2630@00004348: $ 8 <= 00000009
                2670@00004350: $10 <= 00000008
                2690@00004354: $10 <= 00000001
                2710@00004358: $22 <= 00000005
                2810@00004368: $ 8 <= 00000009
                2850@00004370: $ 9 <= 00000004
                2870@00004374: $ 9 <= 00007f10
                2910@00004378: $ 8 <= 00000008
                2950@00004380: $10 <= 0000000c
                2970@00004384: $10 <= 00000000
                2990@00004388: $22 <= 00000005
# run 1.00us
                3090@00004398: $ 8 <= 00000009
                3170@000042d4: $ 8 <= 00000c03
                3190@000042d8: $ 8 <= 00000003
                3210@000042dc: $ 8 <= 00000803
                3290@000044e4: $29 <= 00001000
                3310@000044e8: $29 <= 00000f00
                3330@000044ec: $ 2 <= 00000000
                3350@000044f0: $ 3 <= 00000000
                3370@000044f4: $ 4 <= 00000000
                3390@000044f8: $ 5 <= 00000000
                3410@000044fc: $ 6 <= 00000000
                3430@00004500: $ 7 <= 00000000
                3450@00004504: $ 8 <= 80000000
                3470@00004508: $ 9 <= 7fff0000
                3490@0000450c: $10 <= fffeffff
                3510@00004510: $11 <= 00000000
                3530@00004514: $12 <= 00000000
                3550@00004518: $13 <= 00000000
                3570@0000451c: $14 <= 00000000
                3590@00004520: $15 <= 00000000
                3610@00004524: $16 <= 00000000
                3630@00004528: $17 <= 00000000
                3650@0000452c: $18 <= 00000000
                3670@00004530: $19 <= 00000000
                3690@00004534: $20 <= 00000000
                3710@00004538: $21 <= 00000000
                3730@0000453c: $22 <= 00000000
                3750@00004540: $23 <= 00000000
                3770@00004544: $24 <= 00000000
                3790@00004548: $25 <= 00000000
                3810@0000454c: $28 <= 00000000
                3830@00004550: $30 <= 00000000
                3850@00004554: $31 <= 00000000
                3870@00004558: $26 <= 00000000
                3930@00004560: $26 <= 00000000
                3990@00004568: $29 <= 00000f00
